Using pre-set license
Built from '2022.3/staging' branch; Version is '2022.3.37f1 (340ba89e4c23) revision 3410856'; Using compiler version '192829333'; Build Type 'Release'
OS: 'Windows 11  (10.0.22000) 64bit Core' Language: 'ko' Physical Memory: 16244 MB
BatchMode: 1, IsHumanControllingUs: 0, StartBugReporterOnCrash: 0, Is64bit: 1, IsPro: 1

COMMAND LINE ARGUMENTS:
C:\Program Files\Unity\Hub\Editor\2022.3.37f1\Editor\Unity.exe
-adb2
-batchMode
-noUpm
-name
AssetImportWorker1
-projectPath
C:/Users/user/Documents/GitHub/qwer/ISEGYE IDOL
-logFile
Logs/AssetImportWorker1.log
-srvPort
55001
Successfully changed project path to: C:/Users/user/Documents/GitHub/qwer/ISEGYE IDOL
C:/Users/user/Documents/GitHub/qwer/ISEGYE IDOL
[UnityMemory] Configuration Parameters - Can be set up in boot.config
    "memorysetup-bucket-allocator-granularity=16"
    "memorysetup-bucket-allocator-bucket-count=8"
    "memorysetup-bucket-allocator-block-size=33554432"
    "memorysetup-bucket-allocator-block-count=8"
    "memorysetup-main-allocator-block-size=16777216"
    "memorysetup-thread-allocator-block-size=16777216"
    "memorysetup-gfx-main-allocator-block-size=16777216"
    "memorysetup-gfx-thread-allocator-block-size=16777216"
    "memorysetup-cache-allocator-block-size=4194304"
    "memorysetup-typetree-allocator-block-size=2097152"
    "memorysetup-profiler-bucket-allocator-granularity=16"
    "memorysetup-profiler-bucket-allocator-bucket-count=8"
    "memorysetup-profiler-bucket-allocator-block-size=33554432"
    "memorysetup-profiler-bucket-allocator-block-count=8"
    "memorysetup-profiler-allocator-block-size=16777216"
    "memorysetup-profiler-editor-allocator-block-size=1048576"
    "memorysetup-temp-allocator-size-main=16777216"
    "memorysetup-job-temp-allocator-block-size=2097152"
    "memorysetup-job-temp-allocator-block-size-background=1048576"
    "memorysetup-job-temp-allocator-reduction-small-platforms=262144"
    "memorysetup-allocator-temp-initial-block-size-main=262144"
    "memorysetup-allocator-temp-initial-block-size-worker=262144"
    "memorysetup-temp-allocator-size-background-worker=32768"
    "memorysetup-temp-allocator-size-job-worker=262144"
    "memorysetup-temp-allocator-size-preload-manager=33554432"
    "memorysetup-temp-allocator-size-nav-mesh-worker=65536"
    "memorysetup-temp-allocator-size-audio-worker=65536"
    "memorysetup-temp-allocator-size-cloud-worker=32768"
    "memorysetup-temp-allocator-size-gi-baking-worker=262144"
    "memorysetup-temp-allocator-size-gfx=262144"
Player connection [15424] Host "[IP] 10.184.120.19 [Port] 0 [Flags] 2 [Guid] 2822880491 [EditorId] 2822880491 [Version] 1048832 [Id] WindowsEditor(7,PC-09) [Debug] 1 [PackageName] WindowsEditor [ProjectName] Editor" joined multi-casting on [225.0.0.222:54997]...

Player connection [15424] Host "[IP] 10.184.120.19 [Port] 0 [Flags] 2 [Guid] 2822880491 [EditorId] 2822880491 [Version] 1048832 [Id] WindowsEditor(7,PC-09) [Debug] 1 [PackageName] WindowsEditor [ProjectName] Editor" joined alternative multi-casting on [225.0.0.222:34997]...

Failed to load 'NVUnityPlugin', expected x64 architecture, but was Unknown architecture. You must recompile your plugin for x64 architecture.
[PhysX] Initialized MultithreadedTaskDispatcher with 12 workers.
Refreshing native plugins compatible for Editor in 5.36 ms, found 3 plugins.
Preloading 0 native plugins for Editor in 0.00 ms.
Initialize engine version: 2022.3.37f1 (340ba89e4c23)
[Subsystems] Discovering subsystems at path C:/Program Files/Unity/Hub/Editor/2022.3.37f1/Editor/Data/Resources/UnitySubsystems
[Subsystems] Discovering subsystems at path C:/Users/user/Documents/GitHub/qwer/ISEGYE IDOL/Assets
GfxDevice: creating device client; threaded=0; jobified=0
Direct3D:
    Version:  Direct3D 11.0 [level 11.1]
    Renderer: Intel(R) UHD Graphics 630 (ID=0x9bc8)
    Vendor:   Intel
    VRAM:     8122 MB
    Driver:   30.0.101.1273
Initialize mono
Mono path[0] = 'C:/Program Files/Unity/Hub/Editor/2022.3.37f1/Editor/Data/Managed'
Mono path[1] = 'C:/Program Files/Unity/Hub/Editor/2022.3.37f1/Editor/Data/MonoBleedingEdge/lib/mono/unityjit-win32'
Mono config path = 'C:/Program Files/Unity/Hub/Editor/2022.3.37f1/Editor/Data/MonoBleedingEdge/etc'
Using monoOptions --debugger-agent=transport=dt_socket,embedding=1,server=y,suspend=n,address=127.0.0.1:56912
Begin MonoManager ReloadAssembly
Registering precompiled unity dll's ...
Register platform support module: C:/Program Files/Unity/Hub/Editor/2022.3.37f1/Editor/Data/PlaybackEngines/WindowsStandaloneSupport/UnityEditor.WindowsStandalone.Extensions.dll
Registered in 0.004817 seconds.
- Loaded All Assemblies, in  0.329 seconds
Native extension for WindowsStandalone target not found
Mono: successfully reloaded assembly
- Finished resetting the current domain, in  0.263 seconds
Domain Reload Profiling: 591ms
	BeginReloadAssembly (98ms)
		ExecutionOrderSort (0ms)
		DisableScriptedObjects (0ms)
		BackupInstance (0ms)
		ReleaseScriptingObjects (0ms)
		CreateAndSetChildDomain (1ms)
	RebuildCommonClasses (32ms)
	RebuildNativeTypeToScriptingClass (10ms)
	initialDomainReloadingComplete (54ms)
	LoadAllAssembliesAndSetupDomain (132ms)
		LoadAssemblies (97ms)
		RebuildTransferFunctionScriptingTraits (0ms)
		AnalyzeDomain (131ms)
			TypeCache.Refresh (129ms)
				TypeCache.ScanAssembly (117ms)
			ScanForSourceGeneratedMonoScriptInfo (0ms)
			ResolveRequiredComponents (0ms)
	FinalizeReload (263ms)
		ReleaseScriptCaches (0ms)
		RebuildScriptCaches (0ms)
		SetupLoadedEditorAssemblies (206ms)
			LogAssemblyErrors (0ms)
			InitializePlatformSupportModulesInManaged (7ms)
			SetLoadedEditorAssemblies (7ms)
			RefreshPlugins (0ms)
			BeforeProcessingInitializeOnLoad (2ms)
			ProcessInitializeOnLoadAttributes (140ms)
			ProcessInitializeOnLoadMethodAttributes (50ms)
			AfterProcessingInitializeOnLoad (0ms)
			EditorAssembliesLoaded (0ms)
		ExecutionOrderSort2 (0ms)
		AwakeInstancesAfterBackupRestoration (0ms)
========================================================================
Worker process is ready to serve import requests
Failed to load 'VirtualArtifacts/Primary/fc8d686a4c18b8d49bb1db4150de0459'. File may be corrupted or was serialized with a newer version of Unity.
Failed to load 'VirtualArtifacts/Primary/6e7c80eefe2def5459e0b486b3ab96e2'. File may be corrupted or was serialized with a newer version of Unity.
Unknown error occurred while loading 'VirtualArtifacts/Primary/755e3e942f7784d458bddba421c0bb72'.
Failed to load 'VirtualArtifacts/Primary/917a51fff055ce547b4ad1215321f3da'. File may be corrupted or was serialized with a newer version of Unity.
Failed to load 'VirtualArtifacts/Primary/227613ec5b3943443a284e30a6d6b91e'. File may be corrupted or was serialized with a newer version of Unity.
Unknown error occurred while loading 'VirtualArtifacts/Primary/dff73c4907c95264c8fc095a81f9d51e'.
Unknown error occurred while loading 'VirtualArtifacts/Primary/97d6c87381e3e51488b49f5891490b70'.
Unknown error occurred while loading 'VirtualArtifacts/Primary/7693972390a4ed841a986c0c452c1058'.
Unknown error occurred while loading 'VirtualArtifacts/Primary/31a19414c41e5ae4aae2af33fee712f6'.
Unknown error occurred while loading 'VirtualArtifacts/Primary/c3ec6d10638d94feaa03c223b6fee2cc'.
Unknown error occurred while loading 'VirtualArtifacts/Primary/982b5d67d0e9746ebae3d2af855f181b'.
Unknown error occurred while loading 'VirtualArtifacts/Primary/358a618bc6bd9354d81cc206fd2ed80e'.
Unknown error occurred while loading 'VirtualArtifacts/Primary/cbab8835092323a4389f2dc7d8f6c781'.
Failed to load 'VirtualArtifacts/Primary/9085046f02f69544eb97fd06b6048fe2'. File may be corrupted or was serialized with a newer version of Unity.
Failed to load 'VirtualArtifacts/Primary/8419585fc64d77e4d8e18b7311df59a7'. File may be corrupted or was serialized with a newer version of Unity.
Unknown error occurred while loading 'VirtualArtifacts/Primary/61a20120cddc53849bbc10fc805ffe3e'.
Failed to load 'VirtualArtifacts/Primary/4c10c0720a81448b5b614a4611eee79b'. File may be corrupted or was serialized with a newer version of Unity.
Unknown error occurred while loading 'VirtualArtifacts/Primary/9f3705b95d031e84c82f140d8e980867'.
Failed to load 'VirtualArtifacts/Primary/c50a694a8232898498c1cdd47ce9873f'. File may be corrupted or was serialized with a newer version of Unity.
Failed to load 'VirtualArtifacts/Primary/a402cbe9b84984bd4a16cb20ca9c3bed'. File may be corrupted or was serialized with a newer version of Unity.
Unknown error occurred while loading 'VirtualArtifacts/Primary/2bf68308f6cdff141ab98cd34174e4f1'.
Unknown error occurred while loading 'VirtualArtifacts/Primary/08d23c0b73905c148b525c3c93fff580'.
Unknown error occurred while loading 'VirtualArtifacts/Primary/2d49b7c1bcd2e07499844da127be038d'.
Begin MonoManager ReloadAssembly
Unknown error occurred while loading 'VirtualArtifacts/Primary/f1605f5534186904fa2c4c42acbfe01e'.
UnityEngine.StackTraceUtility:ExtractStackTrace ()
UnityEditor.AssemblyValidation:PluginCompatibleWithEditor (string)
UnityEditor.AssemblyValidation:SetupEditorCompatibility (string[],UnityEditor.AssemblyValidation/Error[],System.Func`2<string, bool>)
UnityEditor.AssemblyValidation:CheckAssemblyReferences (string[],UnityEditor.AssemblyValidation/Error[],Mono.Cecil.AssemblyDefinition[],System.Func`2<string, bool>)
UnityEditor.AssemblyValidation:ValidateAssemblyDefinitions (string[],Mono.Cecil.AssemblyDefinition[],System.Func`2<string, bool>)
UnityEditor.AssemblyValidation:ValidateAssemblies (string[],bool)

[ line 0]

- Loaded All Assemblies, in  1.404 seconds
Refreshing native plugins compatible for Editor in 4.43 ms, found 3 plugins.
Native extension for WindowsStandalone target not found
Package Manager log level set to [2]
[Package Manager] Server::EnsureServerProcessIsRunning -- launch failed, reason: Unity was launched with the -noUpm command-line argument
[Package Manager] UpmClient::Send -- Unable to send message (not connected to UPM process).
[Package Manager] Cannot connect to Unity Package Manager local server
Mono: successfully reloaded assembly
- Finished resetting the current domain, in  0.667 seconds
Domain Reload Profiling: 2071ms
	BeginReloadAssembly (160ms)
		ExecutionOrderSort (0ms)
		DisableScriptedObjects (5ms)
		BackupInstance (0ms)
		ReleaseScriptingObjects (0ms)
		CreateAndSetChildDomain (20ms)
	RebuildCommonClasses (41ms)
	RebuildNativeTypeToScriptingClass (16ms)
	initialDomainReloadingComplete (35ms)
	LoadAllAssembliesAndSetupDomain (1150ms)
		LoadAssemblies (1025ms)
		RebuildTransferFunctionScriptingTraits (0ms)
		AnalyzeDomain (219ms)
			TypeCache.Refresh (181ms)
				TypeCache.ScanAssembly (160ms)
			ScanForSourceGeneratedMonoScriptInfo (25ms)
			ResolveRequiredComponents (10ms)
	FinalizeReload (668ms)
		ReleaseScriptCaches (0ms)
		RebuildScriptCaches (0ms)
		SetupLoadedEditorAssemblies (460ms)
			LogAssemblyErrors (0ms)
			InitializePlatformSupportModulesInManaged (7ms)
			SetLoadedEditorAssemblies (4ms)
			RefreshPlugins (0ms)
			BeforeProcessingInitializeOnLoad (61ms)
			ProcessInitializeOnLoadAttributes (359ms)
			ProcessInitializeOnLoadMethodAttributes (24ms)
			AfterProcessingInitializeOnLoad (5ms)
			EditorAssembliesLoaded (0ms)
		ExecutionOrderSort2 (0ms)
		AwakeInstancesAfterBackupRestoration (9ms)
Launched and connected shader compiler UnityShaderCompiler.exe after 0.03 seconds
Refreshing native plugins compatible for Editor in 2.31 ms, found 3 plugins.
Preloading 0 native plugins for Editor in 0.00 ms.
Unloading 3028 Unused Serialized files (Serialized files now loaded: 0)
Unloading 32 unused Assets / (57.5 KB). Loaded Objects now: 3489.
Memory consumption went from 117.9 MB to 117.9 MB.
Total: 2.686300 ms (FindLiveObjects: 0.245000 ms CreateObjectMapping: 0.223200 ms MarkObjects: 2.123200 ms  DeleteObjects: 0.094400 ms)

AssetImportParameters requested are different than current active one (requested -> active):
  custom:container-demuxer-ogg: 62fdf1f143b41e24485cea50d1cbac27 -> 
  custom:video-codec-MediaFoundation-h265: 746d11721c4dcdbdad8f713fa42b33f4 -> 
  custom:video-decoder-ogg-theora: a1e56fd34408186e4bbccfd4996cb3dc -> 
  custom:framework-win-MediaFoundation: 216162199b28c13a410421893ffa2e32 -> 
  custom:CustomObjectIndexerAttribute: 9a22284fe3817be447336de3de66b15e -> 
  custom:container-demuxer-webm: 4f35f7cbe854078d1ac9338744f61a02 -> 
  custom:container-muxer-webm: aa71ff27fc2769a1b78a27578f13a17b -> 
  custom:video-decoder-webm-vp8: 9c59270c3fd7afecdb556c50c9e8de78 -> 
  custom:SearchIndexIgnoredProperties: e643bd26f0fe6173181afceb89e7c659 -> 
  custom:AudioImporter_EditorPlatform: d09bf68614088b80899f8185d706f6e7 -> 
  custom:video-encoder-webm-vp8: eb34c28f22e8b96e1ab97ce403110664 -> 
  custom:audio-decoder-ogg-vorbis: bf7c407c2cedff20999df2af8eb42d56 -> 
  custom:audio-encoder-webm-vorbis: bf7c407c2cedff20999df2af8eb42d56 -> 
========================================================================
Received Import Request.
  Time since last request: 19205.523448 seconds.
  path: Assets
  artifactKey: Guid(00000000000000001000000000000000) Importer(815301076,1909f56bfc062723c751e8b465ee728b)
Start importing Assets using Guid(00000000000000001000000000000000) Importer(815301076,1909f56bfc062723c751e8b465ee728b) [PhysX] Initialized MultithreadedTaskDispatcher with 12 workers.
 -> (artifact id: 'ae5280ad91af67e2a353905758f96678') in 0.001553 seconds
Number of updated asset objects reloaded before import = 0
Number of asset objects unloaded after import = 0
========================================================================
Received Import Request.
  Time since last request: 963.918888 seconds.
  path: Assets/어비셜 헌터스.mat
  artifactKey: Guid(908e732067bb01c43b6e6c3115bbfe55) Importer(815301076,1909f56bfc062723c751e8b465ee728b)
Start importing Assets/어비셜 헌터스.mat using Guid(908e732067bb01c43b6e6c3115bbfe55) Importer(815301076,1909f56bfc062723c751e8b465ee728b) [PhysX] Initialized MultithreadedTaskDispatcher with 12 workers.
[PhysX] Initialized MultithreadedTaskDispatcher with 12 workers.
 -> (artifact id: '908a57952ce8467a11b5ce5f59431296') in 0.244163 seconds
Number of updated asset objects reloaded before import = 0
Number of asset objects unloaded after import = 2
========================================================================
Received Import Request.
  Time since last request: 1878.534209 seconds.
  path: Assets/돌.mat
  artifactKey: Guid(6604a266e1b3d3245bca2f219c6a7314) Importer(815301076,1909f56bfc062723c751e8b465ee728b)
Start importing Assets/돌.mat using Guid(6604a266e1b3d3245bca2f219c6a7314) Importer(815301076,1909f56bfc062723c751e8b465ee728b) [PhysX] Initialized MultithreadedTaskDispatcher with 12 workers.
[PhysX] Initialized MultithreadedTaskDispatcher with 12 workers.
 -> (artifact id: '530d328bca08ebff64479a944779207e') in 0.016699 seconds
Number of updated asset objects reloaded before import = 0
Number of asset objects unloaded after import = 2
========================================================================
Received Import Request.
  Time since last request: 0.000020 seconds.
  path: Assets/붉은.mat
  artifactKey: Guid(712156a82eeb29d429714b3f08dcffd9) Importer(815301076,1909f56bfc062723c751e8b465ee728b)
Start importing Assets/붉은.mat using Guid(712156a82eeb29d429714b3f08dcffd9) Importer(815301076,1909f56bfc062723c751e8b465ee728b) [PhysX] Initialized MultithreadedTaskDispatcher with 12 workers.
[PhysX] Initialized MultithreadedTaskDispatcher with 12 workers.
 -> (artifact id: 'ed2865012593cb1db8dd9321d01eecdc') in 0.018466 seconds
Number of updated asset objects reloaded before import = 0
Number of asset objects unloaded after import = 2
